[+] Containers:
 |- [+] Container: /Game/MapAssets/Maps/ThirdPersonMap
 |   |- [+] ActorDescs:
 |   |   |- Guid:2FB58999456391D349DC0F86DAC136ED BaseClass: NativeClass:/Script/Engine.SkyLight Name:SkyLight_1 Label:SkyLight SpatiallyLoaded:0 Bounds:IsValid=true, Min=(X=460.000 Y=0.000 Z=-460.000), Max=(X=460.000 Y=0.000 Z=-460.000) RuntimeGrid:None EditorOnly:0 RuntimeOnly:0 HLODRelevant:0 ListedInSceneOutliner:1 IsMainWorldOnly:0 FolderPath:Lighting FolderGuid:963EC3EB4002CCE9759E2EBA541A873A
 |   |   |- Guid:316CF2A6494ACA4C0E4180A87D36AB8F BaseClass: NativeClass:/Script/Engine.ExponentialHeightFog Name:ExponentialHeightFog_0 Label:ExponentialHeightFog SpatiallyLoaded:0 Bounds:IsValid=true, Min=(X=-5600.000 Y=-50.000 Z=-6850.000), Max=(X=-5600.000 Y=-50.000 Z=-6850.000) RuntimeGrid:None EditorOnly:0 RuntimeOnly:0 HLODRelevant:0 ListedInSceneOutliner:1 IsMainWorldOnly:0 FolderPath:Lighting FolderGuid:963EC3EB4002CCE9759E2EBA541A873A
 |   |   |- Guid:3AF3A19F4F67FBA340FFAA98EDEAE108 BaseClass:/Game/MapAssets/Blueprints/BP_GridGenerator.BP_GridGenerator_C NativeClass:/Script/Engine.Actor Name:BP_GridGenerator_C_UAID_088FC3485C502CCD01_1812719386 Label:BP_GridGenerator SpatiallyLoaded:1 Bounds:IsValid=true, Min=(X=-300.000 Y=540.000 Z=310.000), Max=(X=-300.000 Y=540.000 Z=310.000) RuntimeGrid:None EditorOnly:0 RuntimeOnly:0 HLODRelevant:0 ListedInSceneOutliner:1 IsMainWorldOnly:0
 |   |   |- Guid:4D3BE93F4146AAAC8BBE79999D96D57F BaseClass: NativeClass:/Script/Engine.VolumetricCloud Name:VolumetricCloud_0 Label:VolumetricCloud SpatiallyLoaded:0 Bounds:IsValid=true, Min=(X=460.000 Y=0.000 Z=-330.000), Max=(X=460.000 Y=0.000 Z=-330.000) RuntimeGrid:None EditorOnly:0 RuntimeOnly:0 HLODRelevant:0 ListedInSceneOutliner:1 IsMainWorldOnly:0 FolderPath:Lighting FolderGuid:963EC3EB4002CCE9759E2EBA541A873A
 |   |   |- Guid:6BAF4DDD444C60371492D3919DB42C97 BaseClass: NativeClass:/Script/Engine.WorldDataLayers Name:WorldDataLayers Label:WorldDataLayers SpatiallyLoaded:0 Bounds:Invalid RuntimeGrid:None EditorOnly:0 RuntimeOnly:0 HLODRelevant:0 ListedInSceneOutliner:1 IsMainWorldOnly:1
 |   |   |- Guid:A6EC80264DF01910BF355AA0FDFF30CA BaseClass:/Game/TaskCharacter/ThirdPerson/Blueprints/BP_Life.BP_Life_C NativeClass:/Script/Engine.Character Name:BP_Life_C_UAID_BCF4D4A51302C7D101_2058927890 Label:BP_Life SpatiallyLoaded:1 Bounds:IsValid=true, Min=(X=-31.582 Y=-87.824 Z=-129.229), Max=(X=334.387 Y=72.176 Z=334.061) RuntimeGrid:None EditorOnly:0 RuntimeOnly:0 HLODRelevant:0 ListedInSceneOutliner:1 IsMainWorldOnly:0
 |   |   |- Guid:B785ED2844B84CFB91E7F39FE661CD99 BaseClass: NativeClass:/Script/Engine.DirectionalLight Name:DirectionalLight_0 Label:DirectionalLight SpatiallyLoaded:0 Bounds:IsValid=true, Min=(X=-4398046511104.000 Y=-4398046511104.000 Z=-4398046511104.000), Max=(X=4398046511104.000 Y=4398046511104.000 Z=4398046511104.000) RuntimeGrid:None EditorOnly:0 RuntimeOnly:0 HLODRelevant:0 ListedInSceneOutliner:1 IsMainWorldOnly:0 FolderPath:Lighting FolderGuid:963EC3EB4002CCE9759E2EBA541A873A
 |   |   |- Guid:C345D3404F6A084A0DAD3E99E38A3045 BaseClass:/Game/TaskCharacter/ThirdPerson/Blueprints/BP_Death.BP_Death_C NativeClass:/Script/Engine.Character Name:BP_Death_C_UAID_BCF4D4A51302C5D101_1318423537 Label:BP_Death SpatiallyLoaded:1 Bounds:IsValid=true, Min=(X=-43.380 Y=432.832 Z=-129.229), Max=(X=322.588 Y=592.832 Z=334.061) RuntimeGrid:None EditorOnly:0 RuntimeOnly:0 HLODRelevant:0 ListedInSceneOutliner:1 IsMainWorldOnly:0
 |   |   |- Guid:CCFF262C46EEFFDF319E7F9539CE697E BaseClass: NativeClass:/Script/Engine.SkyAtmosphere Name:SkyAtmosphere_0 Label:SkyAtmosphere SpatiallyLoaded:0 Bounds:IsValid=true, Min=(X=460.000 Y=0.000 Z=-130.000), Max=(X=460.000 Y=0.000 Z=-130.000) RuntimeGrid:None EditorOnly:0 RuntimeOnly:0 HLODRelevant:0 ListedInSceneOutliner:1 IsMainWorldOnly:0 FolderPath:Lighting FolderGuid:963EC3EB4002CCE9759E2EBA541A873A
 |   |   |- Guid:EC4E0C944CE6AC6E784BC6BB2916EA13 BaseClass: NativeClass:/Script/Engine.StaticMeshActor Name:StaticMeshActor_UAID_A4AE111137DC5EFB00_1110535423 Label:SM_SkySphere SpatiallyLoaded:0 Bounds:IsValid=true, Min=(X=-1638400.000 Y=-1638400.000 Z=-1638400.000), Max=(X=1638400.000 Y=1638400.000 Z=1638400.000) RuntimeGrid:None EditorOnly:0 RuntimeOnly:0 HLODRelevant:1 ListedInSceneOutliner:1 IsMainWorldOnly:0 FolderPath:Lighting FolderGuid:963EC3EB4002CCE9759E2EBA541A873A
 |   |- [+] Clusters:
 |   |   |- [+] [  0]
 |   |   |   |- Guid:2FB58999456391D349DC0F86DAC136ED BaseClass: NativeClass:/Script/Engine.SkyLight Name:SkyLight_1 Label:SkyLight SpatiallyLoaded:0 Bounds:IsValid=true, Min=(X=460.000 Y=0.000 Z=-460.000), Max=(X=460.000 Y=0.000 Z=-460.000) RuntimeGrid:None EditorOnly:0 RuntimeOnly:0 HLODRelevant:0 ListedInSceneOutliner:1 IsMainWorldOnly:0 FolderPath:Lighting FolderGuid:963EC3EB4002CCE9759E2EBA541A873A
 |   |   |- [+] [  1]
 |   |   |   |- Guid:316CF2A6494ACA4C0E4180A87D36AB8F BaseClass: NativeClass:/Script/Engine.ExponentialHeightFog Name:ExponentialHeightFog_0 Label:ExponentialHeightFog SpatiallyLoaded:0 Bounds:IsValid=true, Min=(X=-5600.000 Y=-50.000 Z=-6850.000), Max=(X=-5600.000 Y=-50.000 Z=-6850.000) RuntimeGrid:None EditorOnly:0 RuntimeOnly:0 HLODRelevant:0 ListedInSceneOutliner:1 IsMainWorldOnly:0 FolderPath:Lighting FolderGuid:963EC3EB4002CCE9759E2EBA541A873A
 |   |   |- [+] [  2]
 |   |   |   |- Guid:3AF3A19F4F67FBA340FFAA98EDEAE108 BaseClass:/Game/MapAssets/Blueprints/BP_GridGenerator.BP_GridGenerator_C NativeClass:/Script/Engine.Actor Name:BP_GridGenerator_C_UAID_088FC3485C502CCD01_1812719386 Label:BP_GridGenerator SpatiallyLoaded:1 Bounds:IsValid=true, Min=(X=-300.000 Y=540.000 Z=310.000), Max=(X=-300.000 Y=540.000 Z=310.000) RuntimeGrid:None EditorOnly:0 RuntimeOnly:0 HLODRelevant:0 ListedInSceneOutliner:1 IsMainWorldOnly:0
 |   |   |- [+] [  3]
 |   |   |   |- Guid:4D3BE93F4146AAAC8BBE79999D96D57F BaseClass: NativeClass:/Script/Engine.VolumetricCloud Name:VolumetricCloud_0 Label:VolumetricCloud SpatiallyLoaded:0 Bounds:IsValid=true, Min=(X=460.000 Y=0.000 Z=-330.000), Max=(X=460.000 Y=0.000 Z=-330.000) RuntimeGrid:None EditorOnly:0 RuntimeOnly:0 HLODRelevant:0 ListedInSceneOutliner:1 IsMainWorldOnly:0 FolderPath:Lighting FolderGuid:963EC3EB4002CCE9759E2EBA541A873A
 |   |   |- [+] [  4]
 |   |   |   |- Guid:6BAF4DDD444C60371492D3919DB42C97 BaseClass: NativeClass:/Script/Engine.WorldDataLayers Name:WorldDataLayers Label:WorldDataLayers SpatiallyLoaded:0 Bounds:Invalid RuntimeGrid:None EditorOnly:0 RuntimeOnly:0 HLODRelevant:0 ListedInSceneOutliner:1 IsMainWorldOnly:1
 |   |   |- [+] [  5]
 |   |   |   |- Guid:A6EC80264DF01910BF355AA0FDFF30CA BaseClass:/Game/TaskCharacter/ThirdPerson/Blueprints/BP_Life.BP_Life_C NativeClass:/Script/Engine.Character Name:BP_Life_C_UAID_BCF4D4A51302C7D101_2058927890 Label:BP_Life SpatiallyLoaded:1 Bounds:IsValid=true, Min=(X=-31.582 Y=-87.824 Z=-129.229), Max=(X=334.387 Y=72.176 Z=334.061) RuntimeGrid:None EditorOnly:0 RuntimeOnly:0 HLODRelevant:0 ListedInSceneOutliner:1 IsMainWorldOnly:0
 |   |   |- [+] [  6]
 |   |   |   |- Guid:B785ED2844B84CFB91E7F39FE661CD99 BaseClass: NativeClass:/Script/Engine.DirectionalLight Name:DirectionalLight_0 Label:DirectionalLight SpatiallyLoaded:0 Bounds:IsValid=true, Min=(X=-4398046511104.000 Y=-4398046511104.000 Z=-4398046511104.000), Max=(X=4398046511104.000 Y=4398046511104.000 Z=4398046511104.000) RuntimeGrid:None EditorOnly:0 RuntimeOnly:0 HLODRelevant:0 ListedInSceneOutliner:1 IsMainWorldOnly:0 FolderPath:Lighting FolderGuid:963EC3EB4002CCE9759E2EBA541A873A
 |   |   |- [+] [  7]
 |   |   |   |- Guid:C345D3404F6A084A0DAD3E99E38A3045 BaseClass:/Game/TaskCharacter/ThirdPerson/Blueprints/BP_Death.BP_Death_C NativeClass:/Script/Engine.Character Name:BP_Death_C_UAID_BCF4D4A51302C5D101_1318423537 Label:BP_Death SpatiallyLoaded:1 Bounds:IsValid=true, Min=(X=-43.380 Y=432.832 Z=-129.229), Max=(X=322.588 Y=592.832 Z=334.061) RuntimeGrid:None EditorOnly:0 RuntimeOnly:0 HLODRelevant:0 ListedInSceneOutliner:1 IsMainWorldOnly:0
 |   |   |- [+] [  8]
 |   |   |   |- Guid:CCFF262C46EEFFDF319E7F9539CE697E BaseClass: NativeClass:/Script/Engine.SkyAtmosphere Name:SkyAtmosphere_0 Label:SkyAtmosphere SpatiallyLoaded:0 Bounds:IsValid=true, Min=(X=460.000 Y=0.000 Z=-130.000), Max=(X=460.000 Y=0.000 Z=-130.000) RuntimeGrid:None EditorOnly:0 RuntimeOnly:0 HLODRelevant:0 ListedInSceneOutliner:1 IsMainWorldOnly:0 FolderPath:Lighting FolderGuid:963EC3EB4002CCE9759E2EBA541A873A
 |   |   |- [+] [  9]
 |   |   |   |- Guid:EC4E0C944CE6AC6E784BC6BB2916EA13 BaseClass: NativeClass:/Script/Engine.StaticMeshActor Name:StaticMeshActor_UAID_A4AE111137DC5EFB00_1110535423 Label:SM_SkySphere SpatiallyLoaded:0 Bounds:IsValid=true, Min=(X=-1638400.000 Y=-1638400.000 Z=-1638400.000), Max=(X=1638400.000 Y=1638400.000 Z=1638400.000) RuntimeGrid:None EditorOnly:0 RuntimeOnly:0 HLODRelevant:1 ListedInSceneOutliner:1 IsMainWorldOnly:0 FolderPath:Lighting FolderGuid:963EC3EB4002CCE9759E2EBA541A873A
 |- ContainerInstances:
 |- [+] MainContainer:
 |   |-        ID: 00000000000000000000000000000000
 |   |-  ParentID: 00000000000000000000000000000000
 |   |-    Bounds: IsValid=false, Min=(X=0.000 Y=0.000 Z=0.000), Max=(X=0.000 Y=0.000 Z=0.000)
 |   |- Transform: 0.000000,0.000000,0.000000|0.000000,0.000000,-0.000000|1.000000,1.000000,1.000000
 |   |- Container: /Game/MapAssets/Maps/ThirdPersonMap
----------------------------------------------------------------------------------------------------------------
ThirdPersonMap - Persistent Level
----------------------------------------------------------------------------------------------------------------
[+] Content of ThirdPersonMap Persistent Level
 |- Always loaded Actor Count: 17 
 |- Actor Path: /Game/MapAssets/Maps/ThirdPersonMap.ThirdPersonMap:PersistentLevel.AbstractNavData-Default
 |- Actor Package: /Game/MapAssets/Maps/ThirdPersonMap
 |- Actor Path: /Game/MapAssets/Maps/ThirdPersonMap.ThirdPersonMap:PersistentLevel.BP_Death_C_UAID_BCF4D4A51302C5D101_1318423537
 |- Actor Package: /Game/__ExternalActors__/MapAssets/Maps/ThirdPersonMap/5/DM/9TWC5DQ3H1BQZ9IC0BU04I
 |- Actor Path: /Game/MapAssets/Maps/ThirdPersonMap.ThirdPersonMap:PersistentLevel.BP_GridGenerator_C_UAID_088FC3485C502CCD01_1812719386
 |- Actor Package: /Game/__ExternalActors__/MapAssets/Maps/ThirdPersonMap/E/MU/RJ6WR75M9FP9NCW7RTE7X3
 |- Actor Path: /Game/MapAssets/Maps/ThirdPersonMap.ThirdPersonMap:PersistentLevel.BP_Life_C_UAID_BCF4D4A51302C7D101_2058927890
 |- Actor Package: /Game/__ExternalActors__/MapAssets/Maps/ThirdPersonMap/6/94/4VDJ0Y8C1TA1NR8FJNC6FL
 |- Actor Path: /Game/MapAssets/Maps/ThirdPersonMap.ThirdPersonMap:PersistentLevel.Brush_0
 |- Actor Package: /Game/MapAssets/Maps/ThirdPersonMap
 |- Actor Path: /Game/MapAssets/Maps/ThirdPersonMap.ThirdPersonMap:PersistentLevel.DefaultPhysicsVolume_0
 |- Actor Package: /Game/MapAssets/Maps/ThirdPersonMap
 |- Actor Path: /Game/MapAssets/Maps/ThirdPersonMap.ThirdPersonMap:PersistentLevel.DirectionalLight_0
 |- Actor Package: /Game/__ExternalActors__/MapAssets/Maps/ThirdPersonMap/D/ZL/2IQKAHEWSCI04HF641GI2A
 |- Actor Path: /Game/MapAssets/Maps/ThirdPersonMap.ThirdPersonMap:PersistentLevel.ExponentialHeightFog_0
 |- Actor Package: /Game/__ExternalActors__/MapAssets/Maps/ThirdPersonMap/B/94/IYSIP435TEALIZW0P43TAU
 |- Actor Path: /Game/MapAssets/Maps/ThirdPersonMap.ThirdPersonMap:PersistentLevel.GameplayDebuggerPlayerManager_0
 |- Actor Package: /Game/MapAssets/Maps/ThirdPersonMap
 |- Actor Path: /Game/MapAssets/Maps/ThirdPersonMap.ThirdPersonMap:PersistentLevel.SkyAtmosphere_0
 |- Actor Package: /Game/__ExternalActors__/MapAssets/Maps/ThirdPersonMap/B/IB/XOTVWUZEAH8X4O7YKQQQHT
 |- Actor Path: /Game/MapAssets/Maps/ThirdPersonMap.ThirdPersonMap:PersistentLevel.SkyLight_1
 |- Actor Package: /Game/__ExternalActors__/MapAssets/Maps/ThirdPersonMap/8/UR/UH0OBMHP1UFZFEZN3C5Z9M
 |- Actor Path: /Game/MapAssets/Maps/ThirdPersonMap.ThirdPersonMap:PersistentLevel.StaticMeshActor_UAID_A4AE111137DC5EFB00_1110535423
 |- Actor Package: /Game/__ExternalActors__/MapAssets/Maps/ThirdPersonMap/D/KM/UTH1VJTSFFIKJK6PV2ZI47
 |- Actor Path: /Game/MapAssets/Maps/ThirdPersonMap.ThirdPersonMap:PersistentLevel.ThirdPersonMap_C_3
 |- Actor Package: /Game/MapAssets/Maps/ThirdPersonMap
 |- Actor Path: /Game/MapAssets/Maps/ThirdPersonMap.ThirdPersonMap:PersistentLevel.VolumetricCloud_0
 |- Actor Package: /Game/__ExternalActors__/MapAssets/Maps/ThirdPersonMap/6/SP/Y3RB1K5V69SB1TMOT3E5UD
 |- Actor Path: /Game/MapAssets/Maps/ThirdPersonMap.ThirdPersonMap:PersistentLevel.WorldDataLayers
 |- Actor Package: /Game/__ExternalActors__/MapAssets/Maps/ThirdPersonMap/9/2O/UQ28PXGA4TTYLQ2WVZW014
 |- Actor Path: /Game/MapAssets/Maps/ThirdPersonMap.ThirdPersonMap:PersistentLevel.WorldInfo_0
 |- Actor Package: /Game/MapAssets/Maps/ThirdPersonMap
 |- Actor Path: /Game/MapAssets/Maps/ThirdPersonMap.ThirdPersonMap:PersistentLevel.WorldPartitionMiniMap_0
 |- Actor Package: /Game/__ExternalActors__/MapAssets/Maps/ThirdPersonMap/6/TC/ZAC0HTWINNUAN0M95N4B3O

----------------------------------------------------------------------------------------------------------------
ThirdPersonMap - Runtime Spatial Hash - Streaming Grid - MainGrid
----------------------------------------------------------------------------------------------------------------
            Origin: X=0.000 Y=0.000 Z=0.000
         Cell Size: 12800
      World Bounds: IsValid=false, Min=(X=0.000 Y=0.000 Z=0.000), Max=(X=0.000 Y=0.000 Z=0.000)
     Loading Range: 25600.00
Block Slow Loading: No
 ClientOnlyVisible: No
            Origin: X=0.000 Y=0.000 Z=0.000

[+] Grid Levels: 1
 |- Level  0: Cell Count    0 | Cell Size   12800 | Actor Count    0 (0.0%)

[+] Content of Grid Level 0

